{"/Users/laurenobrien/Academy/team3-backend/src/index.ts": {"path":"/Users/laurenobrien/Academy/team3-backend/src/index.ts","statementMap":{"0":{"start":{"line":5,"column":12},"end":{"line":5,"column":20}},"1":{"start":{"line":6,"column":13},"end":{"line":6,"column":null}},"2":{"start":{"line":9,"column":0},"end":{"line":9,"column":null}},"3":{"start":{"line":11,"column":0},"end":{"line":11,"column":null}},"4":{"start":{"line":14,"column":0},"end":{"line":16,"column":null}},"5":{"start":{"line":15,"column":1},"end":{"line":15,"column":null}},"6":{"start":{"line":19,"column":0},"end":{"line":21,"column":null}},"7":{"start":{"line":20,"column":1},"end":{"line":20,"column":null}},"8":{"start":{"line":23,"column":21},"end":{"line":23,"column":null}},"9":{"start":{"line":25,"column":0},"end":{"line":30,"column":null}},"10":{"start":{"line":26,"column":2},"end":{"line":29,"column":null}},"11":{"start":{"line":27,"column":4},"end":{"line":27,"column":null}},"12":{"start":{"line":28,"column":4},"end":{"line":28,"column":null}}},"fnMap":{"0":{"name":"(anonymous_0)","decl":{"start":{"line":14,"column":8},"end":{"line":14,"column":14}},"loc":{"start":{"line":14,"column":27},"end":{"line":16,"column":1}},"line":14},"1":{"name":"(anonymous_1)","decl":{"start":{"line":19,"column":8},"end":{"line":19,"column":20}},"loc":{"start":{"line":19,"column":33},"end":{"line":21,"column":1}},"line":19},"2":{"name":"(anonymous_2)","decl":{"start":{"line":26,"column":13},"end":{"line":26,"column":25}},"loc":{"start":{"line":26,"column":25},"end":{"line":29,"column":3}},"line":26}},"branchMap":{"0":{"loc":{"start":{"line":23,"column":21},"end":{"line":23,"column":null}},"type":"binary-expr","locations":[{"start":{"line":23,"column":21},"end":{"line":23,"column":54}},{"start":{"line":23,"column":54},"end":{"line":23,"column":null}}],"line":23},"1":{"loc":{"start":{"line":25,"column":0},"end":{"line":30,"column":null}},"type":"if","locations":[{"start":{"line":25,"column":0},"end":{"line":30,"column":null}},{"start":{},"end":{}}],"line":25}},"s":{"0":1,"1":1,"2":1,"3":1,"4":1,"5":0,"6":1,"7":1,"8":1,"9":1,"10":0,"11":0,"12":0},"f":{"0":0,"1":1,"2":0},"b":{"0":[1,1],"1":[0,1]},"meta":{"lastBranch":2,"lastFunction":3,"lastStatement":13,"seen":{"s:5:12:5:20":0,"s:6:13:6:Infinity":1,"s:9:0:9:Infinity":2,"s:11:0:11:Infinity":3,"s:14:0:16:Infinity":4,"f:14:8:14:14":0,"s:15:1:15:Infinity":5,"s:19:0:21:Infinity":6,"f:19:8:19:20":1,"s:20:1:20:Infinity":7,"s:23:21:23:Infinity":8,"b:23:21:23:54:23:54:23:Infinity":0,"b:25:0:30:Infinity:undefined:undefined:undefined:undefined":1,"s:25:0:30:Infinity":9,"s:26:2:29:Infinity":10,"f:26:13:26:25":2,"s:27:4:27:Infinity":11,"s:28:4:28:Infinity":12},"fnNames":{}}}
,"/Users/laurenobrien/Academy/team3-backend/src/prismaClient.ts": {"path":"/Users/laurenobrien/Academy/team3-backend/src/prismaClient.ts","statementMap":{"0":{"start":{"line":4,"column":15},"end":{"line":4,"column":null}}},"fnMap":{},"branchMap":{},"s":{"0":1},"f":{},"b":{},"meta":{"lastBranch":0,"lastFunction":0,"lastStatement":1,"seen":{"s:4:15:4:Infinity":0},"fnNames":{}}}
,"/Users/laurenobrien/Academy/team3-backend/src/controllers/jobRolesController.ts": {"path":"/Users/laurenobrien/Academy/team3-backend/src/controllers/jobRolesController.ts","statementMap":{"0":{"start":{"line":8,"column":8},"end":{"line":8,"column":null}},"1":{"start":{"line":12,"column":8},"end":{"line":17,"column":null}},"2":{"start":{"line":13,"column":29},"end":{"line":13,"column":null}},"3":{"start":{"line":14,"column":12},"end":{"line":14,"column":null}},"4":{"start":{"line":16,"column":12},"end":{"line":16,"column":null}}},"fnMap":{"0":{"name":"constructor","decl":{"start":{"line":7,"column":4},"end":{"line":7,"column":16}},"loc":{"start":{"line":7,"column":42},"end":{"line":9,"column":null}},"line":7},"1":{"name":"getAll","decl":{"start":{"line":11,"column":10},"end":{"line":11,"column":17}},"loc":{"start":{"line":11,"column":46},"end":{"line":18,"column":null}},"line":11}},"branchMap":{},"s":{"0":8,"1":7,"2":7,"3":4,"4":3},"f":{"0":8,"1":7},"b":{},"meta":{"lastBranch":0,"lastFunction":2,"lastStatement":5,"seen":{"f:7:4:7:16":0,"s:8:8:8:Infinity":0,"f:11:10:11:17":1,"s:12:8:17:Infinity":1,"s:13:29:13:Infinity":2,"s:14:12:14:Infinity":3,"s:16:12:16:Infinity":4},"fnNames":{}}}
,"/Users/laurenobrien/Academy/team3-backend/src/generated/prisma/client.ts": {"path":"/Users/laurenobrien/Academy/team3-backend/src/generated/prisma/client.ts","statementMap":{"0":{"start":{"line":16,"column":0},"end":{"line":16,"column":null}},"1":{"start":{"line":38,"column":28},"end":{"line":38,"column":null}},"2":{"start":{"line":44,"column":0},"end":{"line":44,"column":null}},"3":{"start":{"line":45,"column":0},"end":{"line":45,"column":null}}},"fnMap":{},"branchMap":{},"s":{"0":1,"1":1,"2":1,"3":1},"f":{},"b":{},"meta":{"lastBranch":0,"lastFunction":0,"lastStatement":4,"seen":{"s:16:0:16:Infinity":0,"s:38:28:38:Infinity":1,"s:44:0:44:Infinity":2,"s:45:0:45:Infinity":3},"fnNames":{}}}
,"/Users/laurenobrien/Academy/team3-backend/src/generated/prisma/enums.ts": {"path":"/Users/laurenobrien/Academy/team3-backend/src/generated/prisma/enums.ts","statementMap":{},"fnMap":{},"branchMap":{},"s":{},"f":{},"b":{},"meta":{"lastBranch":0,"lastFunction":0,"lastStatement":0,"seen":{},"fnNames":{}}}
,"/Users/laurenobrien/Academy/team3-backend/src/generated/prisma/internal/class.ts": {"path":"/Users/laurenobrien/Academy/team3-backend/src/generated/prisma/internal/class.ts","statementMap":{"0":{"start":{"line":18,"column":46},"end":{"line":67,"column":null}},"1":{"start":{"line":69,"column":0},"end":{"line":69,"column":null}},"2":{"start":{"line":70,"column":0},"end":{"line":70,"column":null}},"3":{"start":{"line":71,"column":0},"end":{"line":71,"column":null}},"4":{"start":{"line":236,"column":2},"end":{"line":236,"column":null}},"5":{"start":{"line":237,"column":2},"end":{"line":237,"column":null}}},"fnMap":{"0":{"name":"getPrismaClientClass","decl":{"start":{"line":235,"column":16},"end":{"line":235,"column":37}},"loc":{"start":{"line":235,"column":79},"end":{"line":238,"column":null}},"line":235}},"branchMap":{},"s":{"0":1,"1":1,"2":1,"3":1,"4":1,"5":1},"f":{"0":1},"b":{},"meta":{"lastBranch":0,"lastFunction":1,"lastStatement":6,"seen":{"s:18:46:67:Infinity":0,"s:69:0:69:Infinity":1,"s:70:0:70:Infinity":2,"s:71:0:71:Infinity":3,"f:235:16:235:37":0,"s:236:2:236:Infinity":4,"s:237:2:237:Infinity":5},"fnNames":{}}}
,"/Users/laurenobrien/Academy/team3-backend/src/generated/prisma/internal/prismaNamespace.ts": {"path":"/Users/laurenobrien/Academy/team3-backend/src/generated/prisma/internal/prismaNamespace.ts","statementMap":{"0":{"start":{"line":32,"column":45},"end":{"line":32,"column":null}},"1":{"start":{"line":35,"column":47},"end":{"line":35,"column":null}},"2":{"start":{"line":38,"column":42},"end":{"line":38,"column":null}},"3":{"start":{"line":41,"column":47},"end":{"line":41,"column":null}},"4":{"start":{"line":44,"column":43},"end":{"line":44,"column":null}},"5":{"start":{"line":50,"column":19},"end":{"line":50,"column":null}},"6":{"start":{"line":51,"column":21},"end":{"line":51,"column":null}},"7":{"start":{"line":52,"column":20},"end":{"line":52,"column":null}},"8":{"start":{"line":53,"column":19},"end":{"line":53,"column":null}},"9":{"start":{"line":54,"column":19},"end":{"line":54,"column":null}},"10":{"start":{"line":62,"column":23},"end":{"line":62,"column":null}},"11":{"start":{"line":79,"column":35},"end":{"line":79,"column":null}},"12":{"start":{"line":94,"column":44},"end":{"line":97,"column":null}},"13":{"start":{"line":112,"column":25},"end":{"line":116,"column":null}},"14":{"start":{"line":122,"column":22},"end":{"line":122,"column":null}},"15":{"start":{"line":128,"column":24},"end":{"line":128,"column":null}},"16":{"start":{"line":134,"column":23},"end":{"line":134,"column":null}},"17":{"start":{"line":392,"column":25},"end":{"line":396,"column":null}},"18":{"start":{"line":666,"column":41},"end":{"line":671,"column":null}},"19":{"start":{"line":676,"column":38},"end":{"line":686,"column":null}},"20":{"start":{"line":691,"column":41},"end":{"line":696,"column":null}},"21":{"start":{"line":701,"column":35},"end":{"line":706,"column":null}},"22":{"start":{"line":711,"column":25},"end":{"line":714,"column":null}},"23":{"start":{"line":719,"column":25},"end":{"line":722,"column":null}},"24":{"start":{"line":803,"column":31},"end":{"line":803,"column":null}}},"fnMap":{},"branchMap":{},"s":{"0":1,"1":1,"2":1,"3":1,"4":1,"5":1,"6":1,"7":1,"8":1,"9":1,"10":1,"11":1,"12":1,"13":1,"14":1,"15":1,"16":1,"17":1,"18":1,"19":1,"20":1,"21":1,"22":1,"23":1,"24":1},"f":{},"b":{},"meta":{"lastBranch":0,"lastFunction":0,"lastStatement":25,"seen":{"s:32:45:32:Infinity":0,"s:35:47:35:Infinity":1,"s:38:42:38:Infinity":2,"s:41:47:41:Infinity":3,"s:44:43:44:Infinity":4,"s:50:19:50:Infinity":5,"s:51:21:51:Infinity":6,"s:52:20:52:Infinity":7,"s:53:19:53:Infinity":8,"s:54:19:54:Infinity":9,"s:62:23:62:Infinity":10,"s:79:35:79:Infinity":11,"s:94:44:97:Infinity":12,"s:112:25:116:Infinity":13,"s:122:22:122:Infinity":14,"s:128:24:128:Infinity":15,"s:134:23:134:Infinity":16,"s:392:25:396:Infinity":17,"s:666:41:671:Infinity":18,"s:676:38:686:Infinity":19,"s:691:41:696:Infinity":20,"s:701:35:706:Infinity":21,"s:711:25:714:Infinity":22,"s:719:25:722:Infinity":23,"s:803:31:803:Infinity":24},"fnNames":{}}}
,"/Users/laurenobrien/Academy/team3-backend/src/mappers/jobRoleMapper.ts": {"path":"/Users/laurenobrien/Academy/team3-backend/src/mappers/jobRoleMapper.ts","statementMap":{"0":{"start":{"line":6,"column":8},"end":{"line":14,"column":null}}},"fnMap":{"0":{"name":"toResponse","decl":{"start":{"line":5,"column":4},"end":{"line":5,"column":15}},"loc":{"start":{"line":5,"column":50},"end":{"line":15,"column":null}},"line":5}},"branchMap":{},"s":{"0":14},"f":{"0":14},"b":{},"meta":{"lastBranch":0,"lastFunction":1,"lastStatement":1,"seen":{"f:5:4:5:15":0,"s:6:8:14:Infinity":0},"fnNames":{}}}
,"/Users/laurenobrien/Academy/team3-backend/src/models/jobRole.ts": {"path":"/Users/laurenobrien/Academy/team3-backend/src/models/jobRole.ts","statementMap":{"0":{"start":{"line":13,"column":8},"end":{"line":13,"column":null}},"1":{"start":{"line":14,"column":8},"end":{"line":14,"column":null}},"2":{"start":{"line":15,"column":8},"end":{"line":15,"column":null}},"3":{"start":{"line":16,"column":8},"end":{"line":16,"column":null}},"4":{"start":{"line":17,"column":8},"end":{"line":17,"column":null}},"5":{"start":{"line":18,"column":8},"end":{"line":18,"column":null}},"6":{"start":{"line":19,"column":8},"end":{"line":19,"column":null}},"7":{"start":{"line":20,"column":8},"end":{"line":20,"column":null}},"8":{"start":{"line":21,"column":8},"end":{"line":21,"column":null}}},"fnMap":{"0":{"name":"constructor","decl":{"start":{"line":12,"column":4},"end":{"line":12,"column":16}},"loc":{"start":{"line":12,"column":178},"end":{"line":22,"column":null}},"line":12}},"branchMap":{},"s":{"0":33,"1":33,"2":33,"3":33,"4":33,"5":33,"6":33,"7":33,"8":33},"f":{"0":33},"b":{},"meta":{"lastBranch":0,"lastFunction":1,"lastStatement":9,"seen":{"f:12:4:12:16":0,"s:13:8:13:Infinity":0,"s:14:8:14:Infinity":1,"s:15:8:15:Infinity":2,"s:16:8:16:Infinity":3,"s:17:8:17:Infinity":4,"s:18:8:18:Infinity":5,"s:19:8:19:Infinity":6,"s:20:8:20:Infinity":7,"s:21:8:21:Infinity":8},"fnNames":{}}}
,"/Users/laurenobrien/Academy/team3-backend/src/models/jobRoleDao.ts": {"path":"/Users/laurenobrien/Academy/team3-backend/src/models/jobRoleDao.ts","statementMap":{"0":{"start":{"line":6,"column":8},"end":{"line":6,"column":null}}},"fnMap":{"0":{"name":"findAll","decl":{"start":{"line":5,"column":10},"end":{"line":5,"column":40}},"loc":{"start":{"line":5,"column":40},"end":{"line":7,"column":null}},"line":5}},"branchMap":{},"s":{"0":10},"f":{"0":10},"b":{},"meta":{"lastBranch":0,"lastFunction":1,"lastStatement":1,"seen":{"f:5:10:5:40":0,"s:6:8:6:Infinity":0},"fnNames":{}}}
,"/Users/laurenobrien/Academy/team3-backend/src/models/jobRoleResponse.ts": {"path":"/Users/laurenobrien/Academy/team3-backend/src/models/jobRoleResponse.ts","statementMap":{"0":{"start":{"line":12,"column":8},"end":{"line":12,"column":null}},"1":{"start":{"line":13,"column":8},"end":{"line":13,"column":null}},"2":{"start":{"line":14,"column":8},"end":{"line":14,"column":null}},"3":{"start":{"line":15,"column":8},"end":{"line":15,"column":null}},"4":{"start":{"line":16,"column":8},"end":{"line":16,"column":null}},"5":{"start":{"line":17,"column":8},"end":{"line":17,"column":null}},"6":{"start":{"line":18,"column":8},"end":{"line":18,"column":null}}},"fnMap":{"0":{"name":"constructor","decl":{"start":{"line":11,"column":4},"end":{"line":11,"column":16}},"loc":{"start":{"line":11,"column":144},"end":{"line":19,"column":null}},"line":11}},"branchMap":{},"s":{"0":21,"1":21,"2":21,"3":21,"4":21,"5":21,"6":21},"f":{"0":21},"b":{},"meta":{"lastBranch":0,"lastFunction":1,"lastStatement":7,"seen":{"f:11:4:11:16":0,"s:12:8:12:Infinity":0,"s:13:8:13:Infinity":1,"s:14:8:14:Infinity":2,"s:15:8:15:Infinity":3,"s:16:8:16:Infinity":4,"s:17:8:17:Infinity":5,"s:18:8:18:Infinity":6},"fnNames":{}}}
,"/Users/laurenobrien/Academy/team3-backend/src/routes/jobRolesRouter.ts": {"path":"/Users/laurenobrien/Academy/team3-backend/src/routes/jobRolesRouter.ts","statementMap":{"0":{"start":{"line":7,"column":23},"end":{"line":7,"column":30}},"1":{"start":{"line":8,"column":19},"end":{"line":8,"column":null}},"2":{"start":{"line":10,"column":0},"end":{"line":12,"column":null}},"3":{"start":{"line":11,"column":4},"end":{"line":11,"column":null}}},"fnMap":{"0":{"name":"(anonymous_0)","decl":{"start":{"line":10,"column":19},"end":{"line":10,"column":34}},"loc":{"start":{"line":10,"column":55},"end":{"line":12,"column":1}},"line":10}},"branchMap":{},"s":{"0":1,"1":1,"2":1,"3":0},"f":{"0":0},"b":{},"meta":{"lastBranch":0,"lastFunction":1,"lastStatement":4,"seen":{"s:7:23:7:30":0,"s:8:19:8:Infinity":1,"s:10:0:12:Infinity":2,"f:10:19:10:34":0,"s:11:4:11:Infinity":3},"fnNames":{}}}
,"/Users/laurenobrien/Academy/team3-backend/src/services/jobRolesService.ts": {"path":"/Users/laurenobrien/Academy/team3-backend/src/services/jobRolesService.ts","statementMap":{"0":{"start":{"line":10,"column":8},"end":{"line":10,"column":null}},"1":{"start":{"line":11,"column":8},"end":{"line":11,"column":null}},"2":{"start":{"line":15,"column":25},"end":{"line":15,"column":null}},"3":{"start":{"line":16,"column":8},"end":{"line":16,"column":null}},"4":{"start":{"line":16,"column":39},"end":{"line":16,"column":77}}},"fnMap":{"0":{"name":"constructor","decl":{"start":{"line":9,"column":4},"end":{"line":9,"column":18}},"loc":{"start":{"line":9,"column":18},"end":{"line":12,"column":null}},"line":9},"1":{"name":"findAll","decl":{"start":{"line":14,"column":10},"end":{"line":14,"column":48}},"loc":{"start":{"line":14,"column":48},"end":{"line":17,"column":null}},"line":14},"2":{"name":"(anonymous_2)","decl":{"start":{"line":16,"column":24},"end":{"line":16,"column":28}},"loc":{"start":{"line":16,"column":39},"end":{"line":16,"column":77}},"line":16}},"branchMap":{},"s":{"0":8,"1":8,"2":7,"3":6,"4":10},"f":{"0":8,"1":7,"2":10},"b":{},"meta":{"lastBranch":0,"lastFunction":3,"lastStatement":5,"seen":{"f:9:4:9:18":0,"s:10:8:10:Infinity":0,"s:11:8:11:Infinity":1,"f:14:10:14:48":1,"s:15:25:15:Infinity":2,"s:16:8:16:Infinity":3,"f:16:24:16:28":2,"s:16:39:16:77":4},"fnNames":{}}}
}
